{"/Users/zhanchangkun/code/vue/test-sokoban/src/composables/usePosition.ts": {"path":"/Users/zhanchangkun/code/vue/test-sokoban/src/composables/usePosition.ts","all":false,"statementMap":{"0":{"start":{"line":1,"column":0},"end":{"line":1,"column":30}},"1":{"start":{"line":2,"column":0},"end":{"line":2,"column":0}},"2":{"start":{"line":3,"column":0},"end":{"line":3,"column":26}},"3":{"start":{"line":4,"column":0},"end":{"line":4,"column":11}},"4":{"start":{"line":5,"column":0},"end":{"line":5,"column":11}},"5":{"start":{"line":6,"column":0},"end":{"line":6,"column":1}},"6":{"start":{"line":7,"column":0},"end":{"line":7,"column":0}},"7":{"start":{"line":8,"column":0},"end":{"line":8,"column":42}},"8":{"start":{"line":9,"column":0},"end":{"line":9,"column":17}},"9":{"start":{"line":10,"column":0},"end":{"line":10,"column":35}},"10":{"start":{"line":11,"column":0},"end":{"line":11,"column":12}},"11":{"start":{"line":12,"column":0},"end":{"line":12,"column":32}},"12":{"start":{"line":13,"column":0},"end":{"line":13,"column":30}},"13":{"start":{"line":14,"column":0},"end":{"line":14,"column":5}},"14":{"start":{"line":15,"column":0},"end":{"line":15,"column":4}},"15":{"start":{"line":16,"column":0},"end":{"line":16,"column":21}},"16":{"start":{"line":17,"column":0},"end":{"line":17,"column":1}}},"s":{"0":1,"1":1,"2":1,"3":1,"4":1,"5":1,"6":1,"7":1,"8":2,"9":2,"10":2,"11":2,"12":2,"13":2,"14":2,"15":2,"16":2},"branchMap":{"0":{"type":"branch","line":8,"loc":{"start":{"line":8,"column":7},"end":{"line":17,"column":1}},"locations":[{"start":{"line":8,"column":7},"end":{"line":17,"column":1}}]},"1":{"type":"branch","line":10,"loc":{"start":{"line":10,"column":28},"end":{"line":15,"column":3}},"locations":[{"start":{"line":10,"column":28},"end":{"line":15,"column":3}}]}},"b":{"0":[2],"1":[2]},"fnMap":{"0":{"name":"usePositon","decl":{"start":{"line":8,"column":7},"end":{"line":17,"column":1}},"loc":{"start":{"line":8,"column":7},"end":{"line":17,"column":1}},"line":8}},"f":{"0":2}}
,"/Users/zhanchangkun/code/vue/test-sokoban/src/store/cargo.ts": {"path":"/Users/zhanchangkun/code/vue/test-sokoban/src/store/cargo.ts","all":false,"statementMap":{"0":{"start":{"line":1,"column":0},"end":{"line":1,"column":51}},"1":{"start":{"line":2,"column":0},"end":{"line":2,"column":35}},"2":{"start":{"line":3,"column":0},"end":{"line":3,"column":30}},"3":{"start":{"line":4,"column":0},"end":{"line":4,"column":35}},"4":{"start":{"line":5,"column":0},"end":{"line":5,"column":41}},"5":{"start":{"line":6,"column":0},"end":{"line":6,"column":0}},"6":{"start":{"line":7,"column":0},"end":{"line":7,"column":24}},"7":{"start":{"line":8,"column":0},"end":{"line":8,"column":11}},"8":{"start":{"line":9,"column":0},"end":{"line":9,"column":11}},"9":{"start":{"line":10,"column":0},"end":{"line":10,"column":19}},"10":{"start":{"line":11,"column":0},"end":{"line":11,"column":12}},"11":{"start":{"line":12,"column":0},"end":{"line":12,"column":1}},"12":{"start":{"line":13,"column":0},"end":{"line":13,"column":0}},"13":{"start":{"line":14,"column":0},"end":{"line":14,"column":10}},"14":{"start":{"line":15,"column":0},"end":{"line":15,"column":0}},"15":{"start":{"line":16,"column":0},"end":{"line":16,"column":57}},"16":{"start":{"line":17,"column":0},"end":{"line":17,"column":38}},"17":{"start":{"line":18,"column":0},"end":{"line":18,"column":0}},"18":{"start":{"line":19,"column":0},"end":{"line":19,"column":67}},"19":{"start":{"line":20,"column":0},"end":{"line":20,"column":46}},"20":{"start":{"line":21,"column":0},"end":{"line":21,"column":3}},"21":{"start":{"line":22,"column":0},"end":{"line":22,"column":0}},"22":{"start":{"line":23,"column":0},"end":{"line":23,"column":35}},"23":{"start":{"line":24,"column":0},"end":{"line":24,"column":22}},"24":{"start":{"line":25,"column":0},"end":{"line":25,"column":3}},"25":{"start":{"line":26,"column":0},"end":{"line":26,"column":0}},"26":{"start":{"line":27,"column":0},"end":{"line":27,"column":41}},"27":{"start":{"line":28,"column":0},"end":{"line":28,"column":35}},"28":{"start":{"line":29,"column":0},"end":{"line":29,"column":61}},"29":{"start":{"line":30,"column":0},"end":{"line":30,"column":6}},"30":{"start":{"line":31,"column":0},"end":{"line":31,"column":3}},"31":{"start":{"line":32,"column":0},"end":{"line":32,"column":0}},"32":{"start":{"line":33,"column":0},"end":{"line":33,"column":60}},"33":{"start":{"line":34,"column":0},"end":{"line":34,"column":36}},"34":{"start":{"line":35,"column":0},"end":{"line":35,"column":57}},"35":{"start":{"line":36,"column":0},"end":{"line":36,"column":0}},"36":{"start":{"line":37,"column":0},"end":{"line":37,"column":38}},"37":{"start":{"line":38,"column":0},"end":{"line":38,"column":41}},"38":{"start":{"line":39,"column":0},"end":{"line":39,"column":0}},"39":{"start":{"line":40,"column":0},"end":{"line":40,"column":17}},"40":{"start":{"line":41,"column":0},"end":{"line":41,"column":17}},"41":{"start":{"line":42,"column":0},"end":{"line":42,"column":0}},"42":{"start":{"line":43,"column":0},"end":{"line":43,"column":26}},"43":{"start":{"line":44,"column":0},"end":{"line":44,"column":0}},"44":{"start":{"line":45,"column":0},"end":{"line":45,"column":15}},"45":{"start":{"line":46,"column":0},"end":{"line":46,"column":3}},"46":{"start":{"line":47,"column":0},"end":{"line":47,"column":0}},"47":{"start":{"line":48,"column":0},"end":{"line":48,"column":42}},"48":{"start":{"line":49,"column":0},"end":{"line":49,"column":43}},"49":{"start":{"line":50,"column":0},"end":{"line":50,"column":40}},"50":{"start":{"line":51,"column":0},"end":{"line":51,"column":3}},"51":{"start":{"line":52,"column":0},"end":{"line":52,"column":0}},"52":{"start":{"line":53,"column":0},"end":{"line":53,"column":29}},"53":{"start":{"line":54,"column":0},"end":{"line":54,"column":35}},"54":{"start":{"line":55,"column":0},"end":{"line":55,"column":3}},"55":{"start":{"line":56,"column":0},"end":{"line":56,"column":10}},"56":{"start":{"line":57,"column":0},"end":{"line":57,"column":11}},"57":{"start":{"line":58,"column":0},"end":{"line":58,"column":16}},"58":{"start":{"line":59,"column":0},"end":{"line":59,"column":13}},"59":{"start":{"line":60,"column":0},"end":{"line":60,"column":14}},"60":{"start":{"line":61,"column":0},"end":{"line":61,"column":14}},"61":{"start":{"line":62,"column":0},"end":{"line":62,"column":18}},"62":{"start":{"line":63,"column":0},"end":{"line":63,"column":3}},"63":{"start":{"line":64,"column":0},"end":{"line":64,"column":2}}},"s":{"0":1,"1":1,"2":1,"3":1,"4":1,"5":1,"6":1,"7":1,"8":1,"9":1,"10":1,"11":1,"12":1,"13":1,"14":1,"15":1,"16":23,"17":23,"18":23,"19":18,"20":18,"21":23,"22":23,"23":18,"24":18,"25":23,"26":23,"27":21,"28":18,"29":21,"30":21,"31":23,"32":23,"33":12,"34":12,"35":12,"36":12,"37":12,"38":10,"39":10,"40":10,"41":10,"42":10,"43":10,"44":10,"45":12,"46":23,"47":23,"48":10,"49":10,"50":10,"51":23,"52":23,"53":6,"54":6,"55":23,"56":23,"57":23,"58":23,"59":23,"60":23,"61":23,"62":23,"63":23},"branchMap":{"0":{"type":"branch","line":16,"loc":{"start":{"line":16,"column":50},"end":{"line":64,"column":2}},"locations":[{"start":{"line":16,"column":50},"end":{"line":64,"column":2}}]},"1":{"type":"branch","line":19,"loc":{"start":{"line":19,"column":2},"end":{"line":21,"column":3}},"locations":[{"start":{"line":19,"column":2},"end":{"line":21,"column":3}}]},"2":{"type":"branch","line":23,"loc":{"start":{"line":23,"column":2},"end":{"line":25,"column":3}},"locations":[{"start":{"line":23,"column":2},"end":{"line":25,"column":3}}]},"3":{"type":"branch","line":27,"loc":{"start":{"line":27,"column":2},"end":{"line":31,"column":3}},"locations":[{"start":{"line":27,"column":2},"end":{"line":31,"column":3}}]},"4":{"type":"branch","line":28,"loc":{"start":{"line":28,"column":23},"end":{"line":30,"column":5}},"locations":[{"start":{"line":28,"column":23},"end":{"line":30,"column":5}}]},"5":{"type":"branch","line":29,"loc":{"start":{"line":29,"column":34},"end":{"line":29,"column":61}},"locations":[{"start":{"line":29,"column":34},"end":{"line":29,"column":61}}]},"6":{"type":"branch","line":33,"loc":{"start":{"line":33,"column":2},"end":{"line":46,"column":3}},"locations":[{"start":{"line":33,"column":2},"end":{"line":46,"column":3}}]},"7":{"type":"branch","line":37,"loc":{"start":{"line":37,"column":26},"end":{"line":37,"column":38}},"locations":[{"start":{"line":37,"column":26},"end":{"line":37,"column":38}}]},"8":{"type":"branch","line":37,"loc":{"start":{"line":37,"column":33},"end":{"line":38,"column":36}},"locations":[{"start":{"line":37,"column":33},"end":{"line":38,"column":36}}]},"9":{"type":"branch","line":38,"loc":{"start":{"line":38,"column":29},"end":{"line":38,"column":41}},"locations":[{"start":{"line":38,"column":29},"end":{"line":38,"column":41}}]},"10":{"type":"branch","line":38,"loc":{"start":{"line":38,"column":36},"end":{"line":45,"column":15}},"locations":[{"start":{"line":38,"column":36},"end":{"line":45,"column":15}}]},"11":{"type":"branch","line":48,"loc":{"start":{"line":48,"column":2},"end":{"line":51,"column":3}},"locations":[{"start":{"line":48,"column":2},"end":{"line":51,"column":3}}]},"12":{"type":"branch","line":53,"loc":{"start":{"line":53,"column":2},"end":{"line":55,"column":3}},"locations":[{"start":{"line":53,"column":2},"end":{"line":55,"column":3}}]}},"b":{"0":[23],"1":[18],"2":[18],"3":[21],"4":[18],"5":[9],"6":[12],"7":[1],"8":[11],"9":[1],"10":[10],"11":[10],"12":[6]},"fnMap":{"0":{"name":"createCargo","decl":{"start":{"line":19,"column":2},"end":{"line":21,"column":3}},"loc":{"start":{"line":19,"column":2},"end":{"line":21,"column":3}},"line":19},"1":{"name":"addCarge","decl":{"start":{"line":23,"column":2},"end":{"line":25,"column":3}},"loc":{"start":{"line":23,"column":2},"end":{"line":25,"column":3}},"line":23},"2":{"name":"findCargo","decl":{"start":{"line":27,"column":2},"end":{"line":31,"column":3}},"loc":{"start":{"line":27,"column":2},"end":{"line":31,"column":3}},"line":27},"3":{"name":"moveCargo","decl":{"start":{"line":33,"column":2},"end":{"line":46,"column":3}},"loc":{"start":{"line":33,"column":2},"end":{"line":46,"column":3}},"line":33},"4":{"name":"detectionTarget","decl":{"start":{"line":48,"column":2},"end":{"line":51,"column":3}},"loc":{"start":{"line":48,"column":2},"end":{"line":51,"column":3}},"line":48},"5":{"name":"cleanAllCargos","decl":{"start":{"line":53,"column":2},"end":{"line":55,"column":3}},"loc":{"start":{"line":53,"column":2},"end":{"line":55,"column":3}},"line":53}},"f":{"0":18,"1":18,"2":21,"3":12,"4":10,"5":6}}
,"/Users/zhanchangkun/code/vue/test-sokoban/src/store/game.ts": {"path":"/Users/zhanchangkun/code/vue/test-sokoban/src/store/game.ts","all":false,"statementMap":{"0":{"start":{"line":1,"column":0},"end":{"line":1,"column":47}},"1":{"start":{"line":2,"column":0},"end":{"line":2,"column":35}},"2":{"start":{"line":3,"column":0},"end":{"line":3,"column":30}},"3":{"start":{"line":4,"column":0},"end":{"line":4,"column":39}},"4":{"start":{"line":5,"column":0},"end":{"line":5,"column":35}},"5":{"start":{"line":6,"column":0},"end":{"line":6,"column":41}},"6":{"start":{"line":7,"column":0},"end":{"line":7,"column":41}},"7":{"start":{"line":8,"column":0},"end":{"line":8,"column":0}},"8":{"start":{"line":9,"column":0},"end":{"line":9,"column":16}},"9":{"start":{"line":10,"column":0},"end":{"line":10,"column":26}},"10":{"start":{"line":11,"column":0},"end":{"line":11,"column":15}},"11":{"start":{"line":12,"column":0},"end":{"line":12,"column":1}},"12":{"start":{"line":13,"column":0},"end":{"line":13,"column":0}},"13":{"start":{"line":14,"column":0},"end":{"line":14,"column":55}},"14":{"start":{"line":15,"column":0},"end":{"line":15,"column":31}},"15":{"start":{"line":16,"column":0},"end":{"line":16,"column":27}},"16":{"start":{"line":17,"column":0},"end":{"line":17,"column":12}},"17":{"start":{"line":18,"column":0},"end":{"line":18,"column":4}},"18":{"start":{"line":19,"column":0},"end":{"line":19,"column":0}},"19":{"start":{"line":20,"column":0},"end":{"line":20,"column":25}},"20":{"start":{"line":21,"column":0},"end":{"line":21,"column":0}},"21":{"start":{"line":22,"column":0},"end":{"line":22,"column":42}},"22":{"start":{"line":23,"column":0},"end":{"line":23,"column":24}},"23":{"start":{"line":24,"column":0},"end":{"line":24,"column":16}},"24":{"start":{"line":25,"column":0},"end":{"line":25,"column":3}},"25":{"start":{"line":26,"column":0},"end":{"line":26,"column":26}},"26":{"start":{"line":27,"column":0},"end":{"line":27,"column":19}},"27":{"start":{"line":28,"column":0},"end":{"line":28,"column":32}},"28":{"start":{"line":29,"column":0},"end":{"line":29,"column":16}},"29":{"start":{"line":30,"column":0},"end":{"line":30,"column":3}},"30":{"start":{"line":31,"column":0},"end":{"line":31,"column":0}},"31":{"start":{"line":32,"column":0},"end":{"line":32,"column":25}},"32":{"start":{"line":33,"column":0},"end":{"line":33,"column":51}},"33":{"start":{"line":34,"column":0},"end":{"line":34,"column":0}},"34":{"start":{"line":35,"column":0},"end":{"line":35,"column":39}},"35":{"start":{"line":36,"column":0},"end":{"line":36,"column":69}},"36":{"start":{"line":37,"column":0},"end":{"line":37,"column":73}},"37":{"start":{"line":38,"column":0},"end":{"line":38,"column":38}},"38":{"start":{"line":39,"column":0},"end":{"line":39,"column":0}},"39":{"start":{"line":40,"column":0},"end":{"line":40,"column":37}},"40":{"start":{"line":41,"column":0},"end":{"line":41,"column":37}},"41":{"start":{"line":42,"column":0},"end":{"line":42,"column":0}},"42":{"start":{"line":43,"column":0},"end":{"line":43,"column":31}},"43":{"start":{"line":44,"column":0},"end":{"line":44,"column":0}},"44":{"start":{"line":45,"column":0},"end":{"line":45,"column":20}},"45":{"start":{"line":46,"column":0},"end":{"line":46,"column":41}},"46":{"start":{"line":47,"column":0},"end":{"line":47,"column":47}},"47":{"start":{"line":48,"column":0},"end":{"line":48,"column":6}},"48":{"start":{"line":49,"column":0},"end":{"line":49,"column":0}},"49":{"start":{"line":50,"column":0},"end":{"line":50,"column":21}},"50":{"start":{"line":51,"column":0},"end":{"line":51,"column":42}},"51":{"start":{"line":52,"column":0},"end":{"line":52,"column":49}},"52":{"start":{"line":53,"column":0},"end":{"line":53,"column":6}},"53":{"start":{"line":54,"column":0},"end":{"line":54,"column":3}},"54":{"start":{"line":55,"column":0},"end":{"line":55,"column":37}},"55":{"start":{"line":56,"column":0},"end":{"line":56,"column":38}},"56":{"start":{"line":57,"column":0},"end":{"line":57,"column":58}},"57":{"start":{"line":58,"column":0},"end":{"line":58,"column":3}},"58":{"start":{"line":59,"column":0},"end":{"line":59,"column":10}},"59":{"start":{"line":60,"column":0},"end":{"line":60,"column":9}},"60":{"start":{"line":61,"column":0},"end":{"line":61,"column":14}},"61":{"start":{"line":62,"column":0},"end":{"line":62,"column":16}},"62":{"start":{"line":63,"column":0},"end":{"line":63,"column":26}},"63":{"start":{"line":64,"column":0},"end":{"line":64,"column":3}},"64":{"start":{"line":65,"column":0},"end":{"line":65,"column":2}}},"s":{"0":1,"1":1,"2":1,"3":1,"4":1,"5":1,"6":1,"7":1,"8":1,"9":1,"10":1,"11":1,"12":1,"13":1,"14":5,"15":5,"16":5,"17":5,"18":5,"19":5,"20":5,"21":5,"22":3,"23":3,"24":3,"25":5,"26":2,"27":2,"28":2,"29":2,"30":5,"31":5,"32":5,"33":5,"34":5,"35":5,"36":5,"37":5,"38":5,"39":5,"40":5,"41":5,"42":5,"43":5,"44":5,"45":5,"46":5,"47":5,"48":5,"49":5,"50":5,"51":5,"52":5,"53":5,"54":5,"55":2,"56":2,"57":2,"58":5,"59":5,"60":5,"61":5,"62":5,"63":5,"64":5},"branchMap":{"0":{"type":"branch","line":14,"loc":{"start":{"line":14,"column":48},"end":{"line":65,"column":2}},"locations":[{"start":{"line":14,"column":48},"end":{"line":65,"column":2}}]},"1":{"type":"branch","line":22,"loc":{"start":{"line":22,"column":2},"end":{"line":25,"column":3}},"locations":[{"start":{"line":22,"column":2},"end":{"line":25,"column":3}}]},"2":{"type":"branch","line":26,"loc":{"start":{"line":26,"column":2},"end":{"line":30,"column":3}},"locations":[{"start":{"line":26,"column":2},"end":{"line":30,"column":3}}]},"3":{"type":"branch","line":32,"loc":{"start":{"line":32,"column":2},"end":{"line":54,"column":3}},"locations":[{"start":{"line":32,"column":2},"end":{"line":54,"column":3}}]},"4":{"type":"branch","line":46,"loc":{"start":{"line":46,"column":33},"end":{"line":48,"column":5}},"locations":[{"start":{"line":46,"column":33},"end":{"line":48,"column":5}}]},"5":{"type":"branch","line":51,"loc":{"start":{"line":51,"column":34},"end":{"line":53,"column":5}},"locations":[{"start":{"line":51,"column":34},"end":{"line":53,"column":5}}]},"6":{"type":"branch","line":55,"loc":{"start":{"line":55,"column":2},"end":{"line":58,"column":3}},"locations":[{"start":{"line":55,"column":2},"end":{"line":58,"column":3}}]},"7":{"type":"branch","line":57,"loc":{"start":{"line":57,"column":40},"end":{"line":57,"column":57}},"locations":[{"start":{"line":57,"column":40},"end":{"line":57,"column":57}}]}},"b":{"0":[5],"1":[3],"2":[2],"3":[5],"4":[5],"5":[5],"6":[2],"7":[2]},"fnMap":{"0":{"name":"setupGame","decl":{"start":{"line":22,"column":2},"end":{"line":25,"column":3}},"loc":{"start":{"line":22,"column":2},"end":{"line":25,"column":3}},"line":22},"1":{"name":"toNextLevel","decl":{"start":{"line":26,"column":2},"end":{"line":30,"column":3}},"loc":{"start":{"line":26,"column":2},"end":{"line":30,"column":3}},"line":26},"2":{"name":"setupLevel","decl":{"start":{"line":32,"column":2},"end":{"line":54,"column":3}},"loc":{"start":{"line":32,"column":2},"end":{"line":54,"column":3}},"line":32},"3":{"name":"detectionGameCompleted","decl":{"start":{"line":55,"column":2},"end":{"line":58,"column":3}},"loc":{"start":{"line":55,"column":2},"end":{"line":58,"column":3}},"line":55}},"f":{"0":3,"1":2,"2":5,"3":2}}
,"/Users/zhanchangkun/code/vue/test-sokoban/src/store/map.ts": {"path":"/Users/zhanchangkun/code/vue/test-sokoban/src/store/map.ts","all":false,"statementMap":{"0":{"start":{"line":1,"column":0},"end":{"line":1,"column":35}},"1":{"start":{"line":2,"column":0},"end":{"line":2,"column":30}},"2":{"start":{"line":3,"column":0},"end":{"line":3,"column":52}},"3":{"start":{"line":4,"column":0},"end":{"line":4,"column":0}},"4":{"start":{"line":5,"column":0},"end":{"line":5,"column":21}},"5":{"start":{"line":6,"column":0},"end":{"line":6,"column":11}},"6":{"start":{"line":7,"column":0},"end":{"line":7,"column":11}},"7":{"start":{"line":8,"column":0},"end":{"line":8,"column":1}},"8":{"start":{"line":9,"column":0},"end":{"line":9,"column":0}},"9":{"start":{"line":10,"column":0},"end":{"line":10,"column":29}},"10":{"start":{"line":11,"column":0},"end":{"line":11,"column":0}},"11":{"start":{"line":12,"column":0},"end":{"line":12,"column":53}},"12":{"start":{"line":13,"column":0},"end":{"line":13,"column":29}},"13":{"start":{"line":14,"column":0},"end":{"line":14,"column":34}},"14":{"start":{"line":15,"column":0},"end":{"line":15,"column":40}},"15":{"start":{"line":16,"column":0},"end":{"line":16,"column":3}},"16":{"start":{"line":17,"column":0},"end":{"line":17,"column":0}},"17":{"start":{"line":18,"column":0},"end":{"line":18,"column":38}},"18":{"start":{"line":19,"column":0},"end":{"line":19,"column":55}},"19":{"start":{"line":20,"column":0},"end":{"line":20,"column":3}},"20":{"start":{"line":21,"column":0},"end":{"line":21,"column":10}},"21":{"start":{"line":22,"column":0},"end":{"line":22,"column":8}},"22":{"start":{"line":23,"column":0},"end":{"line":23,"column":13}},"23":{"start":{"line":24,"column":0},"end":{"line":24,"column":10}},"24":{"start":{"line":25,"column":0},"end":{"line":25,"column":3}},"25":{"start":{"line":26,"column":0},"end":{"line":26,"column":2}}},"s":{"0":1,"1":1,"2":1,"3":1,"4":1,"5":1,"6":1,"7":1,"8":1,"9":1,"10":1,"11":1,"12":22,"13":22,"14":27,"15":27,"16":22,"17":22,"18":26,"19":26,"20":22,"21":22,"22":22,"23":22,"24":22,"25":22},"branchMap":{"0":{"type":"branch","line":5,"loc":{"start":{"line":5,"column":7},"end":{"line":5,"column":21}},"locations":[{"start":{"line":5,"column":7},"end":{"line":5,"column":21}}]},"1":{"type":"branch","line":12,"loc":{"start":{"line":12,"column":46},"end":{"line":26,"column":2}},"locations":[{"start":{"line":12,"column":46},"end":{"line":26,"column":2}}]},"2":{"type":"branch","line":14,"loc":{"start":{"line":14,"column":2},"end":{"line":16,"column":3}},"locations":[{"start":{"line":14,"column":2},"end":{"line":16,"column":3}}]},"3":{"type":"branch","line":18,"loc":{"start":{"line":18,"column":2},"end":{"line":20,"column":3}},"locations":[{"start":{"line":18,"column":2},"end":{"line":20,"column":3}}]}},"b":{"0":[4],"1":[22],"2":[27],"3":[26]},"fnMap":{"0":{"name":"setupMap","decl":{"start":{"line":14,"column":2},"end":{"line":16,"column":3}},"loc":{"start":{"line":14,"column":2},"end":{"line":16,"column":3}},"line":14},"1":{"name":"isWall","decl":{"start":{"line":18,"column":2},"end":{"line":20,"column":3}},"loc":{"start":{"line":18,"column":2},"end":{"line":20,"column":3}},"line":18}},"f":{"0":27,"1":26}}
,"/Users/zhanchangkun/code/vue/test-sokoban/src/store/player.ts": {"path":"/Users/zhanchangkun/code/vue/test-sokoban/src/store/player.ts","all":false,"statementMap":{"0":{"start":{"line":1,"column":0},"end":{"line":1,"column":35}},"1":{"start":{"line":2,"column":0},"end":{"line":2,"column":30}},"2":{"start":{"line":3,"column":0},"end":{"line":3,"column":39}},"3":{"start":{"line":4,"column":0},"end":{"line":4,"column":35}},"4":{"start":{"line":5,"column":0},"end":{"line":5,"column":0}},"5":{"start":{"line":6,"column":0},"end":{"line":6,"column":18}},"6":{"start":{"line":7,"column":0},"end":{"line":7,"column":11}},"7":{"start":{"line":8,"column":0},"end":{"line":8,"column":11}},"8":{"start":{"line":9,"column":0},"end":{"line":9,"column":1}},"9":{"start":{"line":10,"column":0},"end":{"line":10,"column":0}},"10":{"start":{"line":11,"column":0},"end":{"line":11,"column":59}},"11":{"start":{"line":12,"column":0},"end":{"line":12,"column":34}},"12":{"start":{"line":13,"column":0},"end":{"line":13,"column":50}},"13":{"start":{"line":14,"column":0},"end":{"line":14,"column":35}},"14":{"start":{"line":15,"column":0},"end":{"line":15,"column":9}},"15":{"start":{"line":16,"column":0},"end":{"line":16,"column":8}},"16":{"start":{"line":17,"column":0},"end":{"line":17,"column":4}},"17":{"start":{"line":18,"column":0},"end":{"line":18,"column":0}},"18":{"start":{"line":19,"column":0},"end":{"line":19,"column":42}},"19":{"start":{"line":20,"column":0},"end":{"line":20,"column":59}},"20":{"start":{"line":21,"column":0},"end":{"line":21,"column":32}},"21":{"start":{"line":22,"column":0},"end":{"line":22,"column":0}},"22":{"start":{"line":23,"column":0},"end":{"line":23,"column":37}},"23":{"start":{"line":24,"column":0},"end":{"line":24,"column":16}},"24":{"start":{"line":25,"column":0},"end":{"line":25,"column":51}},"25":{"start":{"line":26,"column":0},"end":{"line":26,"column":31}},"26":{"start":{"line":27,"column":0},"end":{"line":27,"column":5}},"27":{"start":{"line":28,"column":0},"end":{"line":28,"column":18}},"28":{"start":{"line":29,"column":0},"end":{"line":29,"column":18}},"29":{"start":{"line":30,"column":0},"end":{"line":30,"column":3}},"30":{"start":{"line":31,"column":0},"end":{"line":31,"column":31}},"31":{"start":{"line":32,"column":0},"end":{"line":32,"column":16}},"32":{"start":{"line":33,"column":0},"end":{"line":33,"column":3}},"33":{"start":{"line":34,"column":0},"end":{"line":34,"column":0}},"34":{"start":{"line":35,"column":0},"end":{"line":35,"column":32}},"35":{"start":{"line":36,"column":0},"end":{"line":36,"column":15}},"36":{"start":{"line":37,"column":0},"end":{"line":37,"column":3}},"37":{"start":{"line":38,"column":0},"end":{"line":38,"column":0}},"38":{"start":{"line":39,"column":0},"end":{"line":39,"column":29}},"39":{"start":{"line":40,"column":0},"end":{"line":40,"column":16}},"40":{"start":{"line":41,"column":0},"end":{"line":41,"column":3}},"41":{"start":{"line":42,"column":0},"end":{"line":42,"column":0}},"42":{"start":{"line":43,"column":0},"end":{"line":43,"column":31}},"43":{"start":{"line":44,"column":0},"end":{"line":44,"column":15}},"44":{"start":{"line":45,"column":0},"end":{"line":45,"column":3}},"45":{"start":{"line":46,"column":0},"end":{"line":46,"column":0}},"46":{"start":{"line":47,"column":0},"end":{"line":47,"column":10}},"47":{"start":{"line":48,"column":0},"end":{"line":48,"column":11}},"48":{"start":{"line":49,"column":0},"end":{"line":49,"column":21}},"49":{"start":{"line":50,"column":0},"end":{"line":50,"column":22}},"50":{"start":{"line":51,"column":0},"end":{"line":51,"column":19}},"51":{"start":{"line":52,"column":0},"end":{"line":52,"column":20}},"52":{"start":{"line":53,"column":0},"end":{"line":53,"column":3}},"53":{"start":{"line":54,"column":0},"end":{"line":54,"column":2}}},"s":{"0":1,"1":1,"2":1,"3":1,"4":1,"5":1,"6":1,"7":1,"8":1,"9":1,"10":1,"11":17,"12":17,"13":17,"14":17,"15":17,"16":17,"17":17,"18":17,"19":14,"20":14,"21":10,"22":10,"23":14,"24":6,"25":6,"26":6,"27":8,"28":8,"29":14,"30":17,"31":4,"32":4,"33":17,"34":17,"35":4,"36":4,"37":17,"38":17,"39":3,"40":3,"41":17,"42":17,"43":3,"44":3,"45":17,"46":17,"47":17,"48":17,"49":17,"50":17,"51":17,"52":17,"53":17},"branchMap":{"0":{"type":"branch","line":11,"loc":{"start":{"line":11,"column":52},"end":{"line":54,"column":2}},"locations":[{"start":{"line":11,"column":52},"end":{"line":54,"column":2}}]},"1":{"type":"branch","line":19,"loc":{"start":{"line":19,"column":2},"end":{"line":30,"column":3}},"locations":[{"start":{"line":19,"column":2},"end":{"line":30,"column":3}}]},"2":{"type":"branch","line":21,"loc":{"start":{"line":21,"column":26},"end":{"line":21,"column":32}},"locations":[{"start":{"line":21,"column":26},"end":{"line":21,"column":32}}]},"3":{"type":"branch","line":21,"loc":{"start":{"line":21,"column":26},"end":{"line":24,"column":15}},"locations":[{"start":{"line":21,"column":26},"end":{"line":24,"column":15}}]},"4":{"type":"branch","line":24,"loc":{"start":{"line":24,"column":15},"end":{"line":27,"column":5}},"locations":[{"start":{"line":24,"column":15},"end":{"line":27,"column":5}}]},"5":{"type":"branch","line":26,"loc":{"start":{"line":26,"column":25},"end":{"line":26,"column":31}},"locations":[{"start":{"line":26,"column":25},"end":{"line":26,"column":31}}]},"6":{"type":"branch","line":27,"loc":{"start":{"line":27,"column":4},"end":{"line":29,"column":18}},"locations":[{"start":{"line":27,"column":4},"end":{"line":29,"column":18}}]},"7":{"type":"branch","line":31,"loc":{"start":{"line":31,"column":2},"end":{"line":33,"column":3}},"locations":[{"start":{"line":31,"column":2},"end":{"line":33,"column":3}}]},"8":{"type":"branch","line":35,"loc":{"start":{"line":35,"column":2},"end":{"line":37,"column":3}},"locations":[{"start":{"line":35,"column":2},"end":{"line":37,"column":3}}]},"9":{"type":"branch","line":39,"loc":{"start":{"line":39,"column":2},"end":{"line":41,"column":3}},"locations":[{"start":{"line":39,"column":2},"end":{"line":41,"column":3}}]},"10":{"type":"branch","line":43,"loc":{"start":{"line":43,"column":2},"end":{"line":45,"column":3}},"locations":[{"start":{"line":43,"column":2},"end":{"line":45,"column":3}}]}},"b":{"0":[17],"1":[14],"2":[4],"3":[10],"4":[6],"5":[2],"6":[8],"7":[4],"8":[4],"9":[3],"10":[3]},"fnMap":{"0":{"name":"_move","decl":{"start":{"line":19,"column":2},"end":{"line":30,"column":3}},"loc":{"start":{"line":19,"column":2},"end":{"line":30,"column":3}},"line":19},"1":{"name":"movePlayerToLeft","decl":{"start":{"line":31,"column":2},"end":{"line":33,"column":3}},"loc":{"start":{"line":31,"column":2},"end":{"line":33,"column":3}},"line":31},"2":{"name":"movePlayerToRight","decl":{"start":{"line":35,"column":2},"end":{"line":37,"column":3}},"loc":{"start":{"line":35,"column":2},"end":{"line":37,"column":3}},"line":35},"3":{"name":"movePlayerToUp","decl":{"start":{"line":39,"column":2},"end":{"line":41,"column":3}},"loc":{"start":{"line":39,"column":2},"end":{"line":41,"column":3}},"line":39},"4":{"name":"movePlayerToDown","decl":{"start":{"line":43,"column":2},"end":{"line":45,"column":3}},"loc":{"start":{"line":43,"column":2},"end":{"line":45,"column":3}},"line":43}},"f":{"0":14,"1":4,"2":4,"3":3,"4":3}}
,"/Users/zhanchangkun/code/vue/test-sokoban/src/store/target.ts": {"path":"/Users/zhanchangkun/code/vue/test-sokoban/src/store/target.ts","all":false,"statementMap":{"0":{"start":{"line":1,"column":0},"end":{"line":1,"column":51}},"1":{"start":{"line":2,"column":0},"end":{"line":2,"column":35}},"2":{"start":{"line":3,"column":0},"end":{"line":3,"column":30}},"3":{"start":{"line":4,"column":0},"end":{"line":4,"column":0}},"4":{"start":{"line":5,"column":0},"end":{"line":5,"column":18}},"5":{"start":{"line":6,"column":0},"end":{"line":6,"column":11}},"6":{"start":{"line":7,"column":0},"end":{"line":7,"column":11}},"7":{"start":{"line":8,"column":0},"end":{"line":8,"column":1}},"8":{"start":{"line":9,"column":0},"end":{"line":9,"column":0}},"9":{"start":{"line":10,"column":0},"end":{"line":10,"column":59}},"10":{"start":{"line":11,"column":0},"end":{"line":11,"column":40}},"11":{"start":{"line":12,"column":0},"end":{"line":12,"column":0}},"12":{"start":{"line":13,"column":0},"end":{"line":13,"column":38}},"13":{"start":{"line":14,"column":0},"end":{"line":14,"column":24}},"14":{"start":{"line":15,"column":0},"end":{"line":15,"column":3}},"15":{"start":{"line":16,"column":0},"end":{"line":16,"column":0}},"16":{"start":{"line":17,"column":0},"end":{"line":17,"column":69}},"17":{"start":{"line":18,"column":0},"end":{"line":18,"column":19}},"18":{"start":{"line":19,"column":0},"end":{"line":19,"column":3}},"19":{"start":{"line":20,"column":0},"end":{"line":20,"column":0}},"20":{"start":{"line":21,"column":0},"end":{"line":21,"column":42}},"21":{"start":{"line":22,"column":0},"end":{"line":22,"column":37}},"22":{"start":{"line":23,"column":0},"end":{"line":23,"column":63}},"23":{"start":{"line":24,"column":0},"end":{"line":24,"column":6}},"24":{"start":{"line":25,"column":0},"end":{"line":25,"column":3}},"25":{"start":{"line":26,"column":0},"end":{"line":26,"column":0}},"26":{"start":{"line":27,"column":0},"end":{"line":27,"column":30}},"27":{"start":{"line":28,"column":0},"end":{"line":28,"column":37}},"28":{"start":{"line":29,"column":0},"end":{"line":29,"column":3}},"29":{"start":{"line":30,"column":0},"end":{"line":30,"column":0}},"30":{"start":{"line":31,"column":0},"end":{"line":31,"column":10}},"31":{"start":{"line":32,"column":0},"end":{"line":32,"column":12}},"32":{"start":{"line":33,"column":0},"end":{"line":33,"column":14}},"33":{"start":{"line":34,"column":0},"end":{"line":34,"column":17}},"34":{"start":{"line":35,"column":0},"end":{"line":35,"column":15}},"35":{"start":{"line":36,"column":0},"end":{"line":36,"column":19}},"36":{"start":{"line":37,"column":0},"end":{"line":37,"column":3}},"37":{"start":{"line":38,"column":0},"end":{"line":38,"column":2}}},"s":{"0":1,"1":1,"2":1,"3":1,"4":1,"5":1,"6":1,"7":1,"8":1,"9":1,"10":11,"11":11,"12":11,"13":9,"14":9,"15":11,"16":11,"17":9,"18":9,"19":11,"20":11,"21":10,"22":6,"23":10,"24":10,"25":11,"26":11,"27":5,"28":5,"29":11,"30":11,"31":11,"32":11,"33":11,"34":11,"35":11,"36":11,"37":11},"branchMap":{"0":{"type":"branch","line":10,"loc":{"start":{"line":10,"column":52},"end":{"line":38,"column":2}},"locations":[{"start":{"line":10,"column":52},"end":{"line":38,"column":2}}]},"1":{"type":"branch","line":13,"loc":{"start":{"line":13,"column":2},"end":{"line":15,"column":3}},"locations":[{"start":{"line":13,"column":2},"end":{"line":15,"column":3}}]},"2":{"type":"branch","line":17,"loc":{"start":{"line":17,"column":2},"end":{"line":19,"column":3}},"locations":[{"start":{"line":17,"column":2},"end":{"line":19,"column":3}}]},"3":{"type":"branch","line":21,"loc":{"start":{"line":21,"column":2},"end":{"line":25,"column":3}},"locations":[{"start":{"line":21,"column":2},"end":{"line":25,"column":3}}]},"4":{"type":"branch","line":22,"loc":{"start":{"line":22,"column":24},"end":{"line":24,"column":5}},"locations":[{"start":{"line":22,"column":24},"end":{"line":24,"column":5}}]},"5":{"type":"branch","line":23,"loc":{"start":{"line":23,"column":35},"end":{"line":23,"column":63}},"locations":[{"start":{"line":23,"column":35},"end":{"line":23,"column":63}}]},"6":{"type":"branch","line":27,"loc":{"start":{"line":27,"column":2},"end":{"line":29,"column":3}},"locations":[{"start":{"line":27,"column":2},"end":{"line":29,"column":3}}]}},"b":{"0":[11],"1":[9],"2":[9],"3":[10],"4":[6],"5":[4],"6":[5]},"fnMap":{"0":{"name":"addTarget","decl":{"start":{"line":13,"column":2},"end":{"line":15,"column":3}},"loc":{"start":{"line":13,"column":2},"end":{"line":15,"column":3}},"line":13},"1":{"name":"createTarget","decl":{"start":{"line":17,"column":2},"end":{"line":19,"column":3}},"loc":{"start":{"line":17,"column":2},"end":{"line":19,"column":3}},"line":17},"2":{"name":"findTarget","decl":{"start":{"line":21,"column":2},"end":{"line":25,"column":3}},"loc":{"start":{"line":21,"column":2},"end":{"line":25,"column":3}},"line":21},"3":{"name":"cleanAllTargets","decl":{"start":{"line":27,"column":2},"end":{"line":29,"column":3}},"loc":{"start":{"line":27,"column":2},"end":{"line":29,"column":3}},"line":27}},"f":{"0":9,"1":9,"2":10,"3":5}}
}
